<?xml version="1.0" encoding="UTF-8"?>
<!-- Generated by org.testng.reporters.JUnitXMLReporter -->
<testsuite ignored="0" hostname="DESKTOP-NNRVDRO" failures="0" tests="8" name="Test" time="70.489" errors="0" timestamp="2023-12-27T16:46:03 IST">
  <testcase classname="TestLayer.LoginPageTest" name="validatePageTitle" time="0.594"/>
  <testcase classname="TestLayer.LoginPageTest" name="validateLoginFunctionality" time="2.696"/>
  <testcase classname="TestLayer.HomePageTest" name="validateHomePageUrl" time="0.269"/>
  <testcase classname="TestLayer.HomePageTest" name="validatePageTitle" time="0.087"/>
  <testcase classname="TestLayer.HomePageTest" name="validateContactLink" time="7.142"/>
  <testcase classname="TestLayer.HomePageTest" name="validateLinksOnHomepage" time="1.139"/>
  <testcase classname="TestLayer.HomePageTest" name="validateCurrentPageUrl" time="0.052"/>
  <testcase classname="TestLayer.ContactPageTest" name="validateContactPageFunctionality" time="18.406"/>
</testsuite> <!-- Test -->
