<?xml version="1.0" encoding="UTF-8"?>
<testng-results ignored="0" total="8" passed="8" failed="0" skipped="0">
  <reporter-output>
  </reporter-output>
  <suite started-at="2023-12-27T16:44:52 IST" name="com.UI_CogmentoCRM_Dec23" finished-at="2023-12-27T16:46:02 IST" duration-ms="70489">
    <groups>
    </groups>
    <test started-at="2023-12-27T16:44:52 IST" name="Test" finished-at="2023-12-27T16:46:02 IST" duration-ms="70489">
      <class name="TestLayer.HomePageTest">
        <test-method signature="validateHomePageUrl()[pri:3, instance:TestLayer.HomePageTest@3023df74]" started-at="2023-12-27T16:45:35 IST" name="validateHomePageUrl" finished-at="2023-12-27T16:45:35 IST" duration-ms="269" status="PASS">
          <reporter-output>
          </reporter-output>
        </test-method> <!-- validateHomePageUrl -->
        <test-method signature="validatePageTitle()[pri:4, instance:TestLayer.HomePageTest@3023df74]" started-at="2023-12-27T16:45:35 IST" name="validatePageTitle" finished-at="2023-12-27T16:45:35 IST" duration-ms="87" status="PASS">
          <reporter-output>
          </reporter-output>
        </test-method> <!-- validatePageTitle -->
        <test-method signature="validateContactLink()[pri:5, instance:TestLayer.HomePageTest@3023df74]" started-at="2023-12-27T16:45:35 IST" name="validateContactLink" finished-at="2023-12-27T16:45:43 IST" duration-ms="7142" status="PASS">
          <reporter-output>
          </reporter-output>
        </test-method> <!-- validateContactLink -->
        <test-method signature="validateLinksOnHomepage()[pri:6, instance:TestLayer.HomePageTest@3023df74]" started-at="2023-12-27T16:45:43 IST" name="validateLinksOnHomepage" finished-at="2023-12-27T16:45:44 IST" duration-ms="1139" status="PASS">
          <reporter-output>
          </reporter-output>
        </test-method> <!-- validateLinksOnHomepage -->
        <test-method signature="validateCurrentPageUrl()[pri:7, instance:TestLayer.HomePageTest@3023df74]" started-at="2023-12-27T16:45:44 IST" name="validateCurrentPageUrl" finished-at="2023-12-27T16:45:44 IST" duration-ms="52" status="PASS">
          <reporter-output>
          </reporter-output>
        </test-method> <!-- validateCurrentPageUrl -->
      </class> <!-- TestLayer.HomePageTest -->
      <class name="TestLayer.ContactPageTest">
        <test-method signature="validateContactPageFunctionality()[pri:8, instance:TestLayer.ContactPageTest@2a65fe7c]" started-at="2023-12-27T16:45:44 IST" name="validateContactPageFunctionality" finished-at="2023-12-27T16:46:02 IST" duration-ms="18406" status="PASS">
          <reporter-output>
          </reporter-output>
        </test-method> <!-- validateContactPageFunctionality -->
      </class> <!-- TestLayer.ContactPageTest -->
      <class name="TestLayer.LoginPageTest">
        <test-method is-config="true" signature="setUp()[pri:0, instance:TestLayer.LoginPageTest@351d00c0]" started-at="2023-12-27T16:44:54 IST" name="setUp" finished-at="2023-12-27T16:45:31 IST" duration-ms="37412" status="PASS">
          <reporter-output>
          </reporter-output>
        </test-method> <!-- setUp -->
        <test-method signature="validatePageTitle()[pri:1, instance:TestLayer.LoginPageTest@351d00c0]" started-at="2023-12-27T16:45:32 IST" name="validatePageTitle" finished-at="2023-12-27T16:45:32 IST" duration-ms="594" status="PASS">
          <reporter-output>
          </reporter-output>
        </test-method> <!-- validatePageTitle -->
        <test-method signature="validateLoginFunctionality()[pri:2, instance:TestLayer.LoginPageTest@351d00c0]" started-at="2023-12-27T16:45:32 IST" name="validateLoginFunctionality" finished-at="2023-12-27T16:45:35 IST" duration-ms="2696" status="PASS">
          <reporter-output>
          </reporter-output>
        </test-method> <!-- validateLoginFunctionality -->
      </class> <!-- TestLayer.LoginPageTest -->
    </test> <!-- Test -->
  </suite> <!-- com.UI_CogmentoCRM_Dec23 -->
</testng-results>
